Loading required package: zoo

Attaching package: ‘zoo’

The following objects are masked from ‘package:base’:

    as.Date, as.Date.numeric

Registered S3 method overwritten by 'quantmod':
  method            from
  as.zoo.data.frame zoo 
Loading required package: MASS
Loading required package: strucchange
Loading required package: sandwich
Loading required package: urca
Loading required package: lmtest
randomForest 4.7-1.2
Type rfNews() to see new features/changes/bug fixes.

Attaching package: ‘randomForest’

The following object is masked from ‘package:ggplot2’:

    margin


Attaching package: ‘MTS’

The following object is masked from ‘package:vars’:

    VAR

p: 1 , P: 1  RMSE: 14.18736 
p: 1 , P: 2  RMSE: 12.83953 
p: 1 , P: 3  RMSE: 15.06034 
p: 1 , P: 4  RMSE: 37.04182 
p: 1 , P: 5  RMSE: 29.50435 
p: 2 , P: 1  RMSE: 15.18525 
p: 2 , P: 2  RMSE: 12.4279 
p: 2 , P: 3  RMSE: 14.63457 
p: 2 , P: 4  RMSE: 38.31743 
p: 2 , P: 5  RMSE: 27.36533 
p: 3 , P: 1  RMSE: 14.56732 
p: 3 , P: 2  RMSE: 12.00165 
p: 3 , P: 3  RMSE: 13.29853 
p: 3 , P: 4  RMSE: 33.74697 
p: 3 , P: 5  RMSE: 25.42031 
p: 4 , P: 1  RMSE: 14.07648 
p: 4 , P: 2  RMSE: 11.12351 
p: 4 , P: 3  RMSE: 14.48479 
p: 4 , P: 4  RMSE: 30.27682 
p: 4 , P: 5  RMSE: 28.58626 
p: 5 , P: 1  RMSE: 14.79158 
p: 5 , P: 2  RMSE: 12.32122 
p: 5 , P: 3  RMSE: 14.16423 
p: 5 , P: 4  RMSE: 33.18526 
p: 5 , P: 5  RMSE: 29.54784 
p: 6 , P: 1  RMSE: 15.11575 
p: 6 , P: 2  RMSE: 11.67584 
p: 6 , P: 3  RMSE: 12.71376 
p: 6 , P: 4  RMSE: 30.51103 
p: 6 , P: 5  RMSE: 28.32718 
p: 7 , P: 1  RMSE: 13.65646 
p: 7 , P: 2  RMSE: 13.32667 
p: 7 , P: 3  RMSE: 14.29267 
p: 7 , P: 4  RMSE: 42.03083 
p: 7 , P: 5  RMSE: 29.20206 
p: 8 , P: 1  RMSE: 16.04538 
p: 8 , P: 2  RMSE: 15.25592 
p: 8 , P: 3  RMSE: 15.79093 
p: 8 , P: 4  RMSE: 29.96629 
p: 8 , P: 5  RMSE: 27.96716 
p: 9 , P: 1  RMSE: 16.74908 
p: 9 , P: 2  RMSE: 14.50315 
p: 9 , P: 3  RMSE: 14.96502 
p: 9 , P: 4  RMSE: 36.5495 
p: 9 , P: 5  RMSE: 27.67314 
p: 10 , P: 1  RMSE: 16.2563 
p: 10 , P: 2  RMSE: 15.37129 
p: 10 , P: 3  RMSE: 16.02301 
p: 10 , P: 4  RMSE: 31.47362 
p: 10 , P: 5  RMSE: 30.7918 
Scale for x is already present.
Adding another scale for x, which will replace the existing scale.
