Loading required package: zoo

Attaching package: ‘zoo’

The following objects are masked from ‘package:base’:

    as.Date, as.Date.numeric

Registered S3 method overwritten by 'quantmod':
  method            from
  as.zoo.data.frame zoo 
Loading required package: MASS
Loading required package: strucchange
Loading required package: sandwich
Loading required package: urca
Loading required package: lmtest
randomForest 4.7-1.2
Type rfNews() to see new features/changes/bug fixes.

Attaching package: ‘randomForest’

The following object is masked from ‘package:ggplot2’:

    margin


Attaching package: ‘MTS’

The following object is masked from ‘package:vars’:

    VAR

p: 1 , P: 1 , k: -2  RMSE: 14.35975 
p: 1 , P: 1 , k: -1  RMSE: 13.97994 
p: 1 , P: 1 , k: 0  RMSE: 14.08875 
p: 1 , P: 1 , k: 1  RMSE: 14.15902 
p: 1 , P: 1 , k: 2  RMSE: 15.07392 
p: 1 , P: 1 , k: 3  RMSE: 14.03469 
p: 1 , P: 1 , k: 4  RMSE: 14.35009 
p: 1 , P: 2 , k: -1  RMSE: 13.05102 
p: 1 , P: 2 , k: 0  RMSE: 13.14611 
p: 1 , P: 2 , k: 1  RMSE: 13.59372 
p: 1 , P: 2 , k: 2  RMSE: 12.86199 
p: 1 , P: 2 , k: 3  RMSE: 12.82605 
p: 1 , P: 2 , k: 4  RMSE: 12.98673 
p: 1 , P: 2 , k: 5  RMSE: 13.04189 
p: 1 , P: 3 , k: -1  RMSE: 13.6935 
p: 1 , P: 3 , k: 0  RMSE: 15.1543 
p: 1 , P: 3 , k: 1  RMSE: 14.40574 
p: 1 , P: 3 , k: 2  RMSE: 14.47034 
p: 1 , P: 3 , k: 3  RMSE: 14.46769 
p: 1 , P: 3 , k: 4  RMSE: 12.62807 
p: 1 , P: 3 , k: 5  RMSE: 13.46747 
p: 1 , P: 4 , k: 0  RMSE: 35.32051 
p: 1 , P: 4 , k: 1  RMSE: 38.01466 
p: 1 , P: 4 , k: 2  RMSE: 44.28034 
p: 1 , P: 4 , k: 3  RMSE: 33.61394 
p: 1 , P: 4 , k: 4  RMSE: 38.49457 
p: 1 , P: 4 , k: 5  RMSE: 41.93829 
p: 1 , P: 4 , k: 6  RMSE: 41.71573 
p: 1 , P: 5 , k: 0  RMSE: 33.18035 
p: 1 , P: 5 , k: 1  RMSE: 31.77212 
p: 1 , P: 5 , k: 2  RMSE: 28.01523 
p: 1 , P: 5 , k: 3  RMSE: 32.66992 
p: 1 , P: 5 , k: 4  RMSE: 28.7654 
p: 1 , P: 5 , k: 5  RMSE: 28.37484 
p: 1 , P: 5 , k: 6  RMSE: 34.46366 
p: 2 , P: 1 , k: -1  RMSE: 14.08927 
p: 2 , P: 1 , k: 0  RMSE: 13.93455 
p: 2 , P: 1 , k: 1  RMSE: 14.65778 
p: 2 , P: 1 , k: 2  RMSE: 14.20492 
p: 2 , P: 1 , k: 3  RMSE: 14.60267 
p: 2 , P: 1 , k: 4  RMSE: 14.34855 
p: 2 , P: 1 , k: 5  RMSE: 14.17303 
p: 2 , P: 2 , k: -1  RMSE: 11.77827 
p: 2 , P: 2 , k: 0  RMSE: 11.90335 
p: 2 , P: 2 , k: 1  RMSE: 11.66698 
p: 2 , P: 2 , k: 2  RMSE: 11.44184 
p: 2 , P: 2 , k: 3  RMSE: 11.88322 
p: 2 , P: 2 , k: 4  RMSE: 12.97017 
p: 2 , P: 2 , k: 5  RMSE: 11.64271 
p: 2 , P: 3 , k: 0  RMSE: 13.07207 
p: 2 , P: 3 , k: 1  RMSE: 12.52076 
p: 2 , P: 3 , k: 2  RMSE: 12.7097 
p: 2 , P: 3 , k: 3  RMSE: 13.92895 
p: 2 , P: 3 , k: 4  RMSE: 13.03221 
p: 2 , P: 3 , k: 5  RMSE: 12.42934 
p: 2 , P: 3 , k: 6  RMSE: 12.96238 
p: 2 , P: 4 , k: 0  RMSE: 33.61131 
p: 2 , P: 4 , k: 1  RMSE: 42.78871 
p: 2 , P: 4 , k: 2  RMSE: 36.16235 
p: 2 , P: 4 , k: 3  RMSE: 34.11793 
p: 2 , P: 4 , k: 4  RMSE: 35.05078 
p: 2 , P: 4 , k: 5  RMSE: 25.99064 
p: 2 , P: 4 , k: 6  RMSE: 35.71142 
p: 2 , P: 5 , k: 1  RMSE: 28.66418 
p: 2 , P: 5 , k: 2  RMSE: 28.21639 
p: 2 , P: 5 , k: 3  RMSE: 30.49707 
p: 2 , P: 5 , k: 4  RMSE: 32.88607 
p: 2 , P: 5 , k: 5  RMSE: 25.79869 
p: 2 , P: 5 , k: 6  RMSE: 27.82691 
p: 2 , P: 5 , k: 7  RMSE: 28.82265 
p: 3 , P: 1 , k: -1  RMSE: 14.6466 
p: 3 , P: 1 , k: 0  RMSE: 13.66647 
p: 3 , P: 1 , k: 1  RMSE: 14.02674 
p: 3 , P: 1 , k: 2  RMSE: 13.07252 
p: 3 , P: 1 , k: 3  RMSE: 14.32118 
p: 3 , P: 1 , k: 4  RMSE: 13.31221 
p: 3 , P: 1 , k: 5  RMSE: 13.81574 
p: 3 , P: 2 , k: 0  RMSE: 11.75949 
p: 3 , P: 2 , k: 1  RMSE: 12.78016 
p: 3 , P: 2 , k: 2  RMSE: 11.86722 
p: 3 , P: 2 , k: 3  RMSE: 12.23146 
p: 3 , P: 2 , k: 4  RMSE: 11.45567 
p: 3 , P: 2 , k: 5  RMSE: 11.24971 
p: 3 , P: 2 , k: 6  RMSE: 12.5643 
p: 3 , P: 3 , k: 0  RMSE: 14.10015 
p: 3 , P: 3 , k: 1  RMSE: 14.18179 
p: 3 , P: 3 , k: 2  RMSE: 13.08265 
p: 3 , P: 3 , k: 3  RMSE: 13.04288 
p: 3 , P: 3 , k: 4  RMSE: 13.33445 
p: 3 , P: 3 , k: 5  RMSE: 13.77075 
p: 3 , P: 3 , k: 6  RMSE: 13.84337 
p: 3 , P: 4 , k: 1  RMSE: 28.97721 
p: 3 , P: 4 , k: 2  RMSE: 39.78637 
p: 3 , P: 4 , k: 3  RMSE: 26.04945 
p: 3 , P: 4 , k: 4  RMSE: 37.33804 
p: 3 , P: 4 , k: 5  RMSE: 28.74142 
p: 3 , P: 4 , k: 6  RMSE: 28.51817 
p: 3 , P: 4 , k: 7  RMSE: 31.1594 
p: 3 , P: 5 , k: 1  RMSE: 28.83793 
p: 3 , P: 5 , k: 2  RMSE: 27.28812 
p: 3 , P: 5 , k: 3  RMSE: 33.82771 
p: 3 , P: 5 , k: 4  RMSE: 24.51821 
p: 3 , P: 5 , k: 5  RMSE: 25.69407 
p: 3 , P: 5 , k: 6  RMSE: 29.90223 
p: 3 , P: 5 , k: 7  RMSE: 26.51048 
p: 4 , P: 1 , k: 0  RMSE: 14.43895 
p: 4 , P: 1 , k: 1  RMSE: 13.98854 
p: 4 , P: 1 , k: 2  RMSE: 13.75873 
p: 4 , P: 1 , k: 3  RMSE: 14.59881 
p: 4 , P: 1 , k: 4  RMSE: 14.91073 
p: 4 , P: 1 , k: 5  RMSE: 14.31565 
p: 4 , P: 1 , k: 6  RMSE: 14.36013 
p: 4 , P: 2 , k: 0  RMSE: 10.90435 
p: 4 , P: 2 , k: 1  RMSE: 11.87475 
p: 4 , P: 2 , k: 2  RMSE: 11.94833 
p: 4 , P: 2 , k: 3  RMSE: 11.39729 
p: 4 , P: 2 , k: 4  RMSE: 12.02756 
p: 4 , P: 2 , k: 5  RMSE: 11.69199 
p: 4 , P: 2 , k: 6  RMSE: 12.29974 
p: 4 , P: 3 , k: 1  RMSE: 16.28965 
p: 4 , P: 3 , k: 2  RMSE: 15.38887 
p: 4 , P: 3 , k: 3  RMSE: 15.21054 
p: 4 , P: 3 , k: 4  RMSE: 16.55861 
p: 4 , P: 3 , k: 5  RMSE: 13.15237 
p: 4 , P: 3 , k: 6  RMSE: 14.23663 
p: 4 , P: 3 , k: 7  RMSE: 17.82213 
p: 4 , P: 4 , k: 1  RMSE: 26.82332 
p: 4 , P: 4 , k: 2  RMSE: 31.38291 
p: 4 , P: 4 , k: 3  RMSE: 36.48483 
p: 4 , P: 4 , k: 4  RMSE: 37.87671 
p: 4 , P: 4 , k: 5  RMSE: 36.81429 
p: 4 , P: 4 , k: 6  RMSE: 34.96909 
p: 4 , P: 4 , k: 7  RMSE: 33.68412 
p: 4 , P: 5 , k: 2  RMSE: 25.2689 
p: 4 , P: 5 , k: 3  RMSE: 30.38556 
p: 4 , P: 5 , k: 4  RMSE: 25.97835 
p: 4 , P: 5 , k: 5  RMSE: 23.44713 
p: 4 , P: 5 , k: 6  RMSE: 28.52607 
p: 4 , P: 5 , k: 7  RMSE: 27.65429 
p: 4 , P: 5 , k: 8  RMSE: 26.53545 
p: 5 , P: 1 , k: 0  RMSE: 13.25673 
p: 5 , P: 1 , k: 1  RMSE: 13.98301 
p: 5 , P: 1 , k: 2  RMSE: 14.84893 
p: 5 , P: 1 , k: 3  RMSE: 16.38267 
p: 5 , P: 1 , k: 4  RMSE: 14.1607 
p: 5 , P: 1 , k: 5  RMSE: 13.12961 
p: 5 , P: 1 , k: 6  RMSE: 15.42562 
p: 5 , P: 2 , k: 1  RMSE: 11.92669 
p: 5 , P: 2 , k: 2  RMSE: 12.33522 
p: 5 , P: 2 , k: 3  RMSE: 11.54633 
p: 5 , P: 2 , k: 4  RMSE: 11.73862 
p: 5 , P: 2 , k: 5  RMSE: 13.04975 
p: 5 , P: 2 , k: 6  RMSE: 13.06691 
p: 5 , P: 2 , k: 7  RMSE: 11.63996 
p: 5 , P: 3 , k: 1  RMSE: 13.92502 
p: 5 , P: 3 , k: 2  RMSE: 14.62093 
p: 5 , P: 3 , k: 3  RMSE: 12.96085 
p: 5 , P: 3 , k: 4  RMSE: 13.13649 
p: 5 , P: 3 , k: 5  RMSE: 13.42237 
p: 5 , P: 3 , k: 6  RMSE: 13.61178 
p: 5 , P: 3 , k: 7  RMSE: 12.3496 
p: 5 , P: 4 , k: 2  RMSE: 30.3969 
p: 5 , P: 4 , k: 3  RMSE: 32.41208 
p: 5 , P: 4 , k: 4  RMSE: 27.45611 
p: 5 , P: 4 , k: 5  RMSE: 37.3151 
p: 5 , P: 4 , k: 6  RMSE: 33.57354 
p: 5 , P: 4 , k: 7  RMSE: 35.48324 
p: 5 , P: 4 , k: 8  RMSE: 33.82723 
p: 5 , P: 5 , k: 2  RMSE: 27.98263 
p: 5 , P: 5 , k: 3  RMSE: 30.80815 
p: 5 , P: 5 , k: 4  RMSE: 28.08325 
p: 5 , P: 5 , k: 5  RMSE: 24.76265 
p: 5 , P: 5 , k: 6  RMSE: 29.25998 
p: 5 , P: 5 , k: 7  RMSE: 29.57339 
p: 5 , P: 5 , k: 8  RMSE: 30.99486 
p: 6 , P: 1 , k: 1  RMSE: 14.82414 
p: 6 , P: 1 , k: 2  RMSE: 15.03328 
p: 6 , P: 1 , k: 3  RMSE: 14.47337 
p: 6 , P: 1 , k: 4  RMSE: 14.84285 
p: 6 , P: 1 , k: 5  RMSE: 14.80501 
p: 6 , P: 1 , k: 6  RMSE: 15.18357 
p: 6 , P: 1 , k: 7  RMSE: 14.44684 
p: 6 , P: 2 , k: 1  RMSE: 14.36092 
p: 6 , P: 2 , k: 2  RMSE: 12.78745 
p: 6 , P: 2 , k: 3  RMSE: 12.40297 
p: 6 , P: 2 , k: 4  RMSE: 12.48179 
p: 6 , P: 2 , k: 5  RMSE: 11.79613 
p: 6 , P: 2 , k: 6  RMSE: 12.93963 
p: 6 , P: 2 , k: 7  RMSE: 12.10561 
p: 6 , P: 3 , k: 2  RMSE: 13.55185 
p: 6 , P: 3 , k: 3  RMSE: 13.32921 
p: 6 , P: 3 , k: 4  RMSE: 14.83375 
p: 6 , P: 3 , k: 5  RMSE: 15.3274 
p: 6 , P: 3 , k: 6  RMSE: 12.72148 
p: 6 , P: 3 , k: 7  RMSE: 13.20355 
p: 6 , P: 3 , k: 8  RMSE: 13.92069 
p: 6 , P: 4 , k: 2  RMSE: 40.53614 
p: 6 , P: 4 , k: 3  RMSE: 38.65225 
p: 6 , P: 4 , k: 4  RMSE: 36.3605 
p: 6 , P: 4 , k: 5  RMSE: 34.14456 
p: 6 , P: 4 , k: 6  RMSE: 39.23894 
p: 6 , P: 4 , k: 7  RMSE: 32.02435 
p: 6 , P: 4 , k: 8  RMSE: 32.5256 
p: 6 , P: 5 , k: 3  RMSE: 28.57271 
p: 6 , P: 5 , k: 4  RMSE: 29.38756 
p: 6 , P: 5 , k: 5  RMSE: 30.73954 
p: 6 , P: 5 , k: 6  RMSE: 29.4012 
p: 6 , P: 5 , k: 7  RMSE: 28.59979 
p: 6 , P: 5 , k: 8  RMSE: 29.94744 
p: 6 , P: 5 , k: 9  RMSE: 31.42714 
p: 7 , P: 1 , k: 1  RMSE: 14.02331 
p: 7 , P: 1 , k: 2  RMSE: 17.12522 
p: 7 , P: 1 , k: 3  RMSE: 15.14158 
p: 7 , P: 1 , k: 4  RMSE: 15.61408 
p: 7 , P: 1 , k: 5  RMSE: 14.95208 
p: 7 , P: 1 , k: 6  RMSE: 16.27193 
p: 7 , P: 1 , k: 7  RMSE: 14.33452 
p: 7 , P: 2 , k: 2  RMSE: 11.87928 
p: 7 , P: 2 , k: 3  RMSE: 11.23058 
p: 7 , P: 2 , k: 4  RMSE: 12.58109 
p: 7 , P: 2 , k: 5  RMSE: 12.82647 
p: 7 , P: 2 , k: 6  RMSE: 12.18678 
p: 7 , P: 2 , k: 7  RMSE: 13.28512 
p: 7 , P: 2 , k: 8  RMSE: 12.32204 
p: 7 , P: 3 , k: 2  RMSE: 13.90463 
p: 7 , P: 3 , k: 3  RMSE: 12.7103 
p: 7 , P: 3 , k: 4  RMSE: 13.27573 
p: 7 , P: 3 , k: 5  RMSE: 13.98309 
p: 7 , P: 3 , k: 6  RMSE: 13.23277 
p: 7 , P: 3 , k: 7  RMSE: 15.2015 
p: 7 , P: 3 , k: 8  RMSE: 12.92986 
p: 7 , P: 4 , k: 3  RMSE: 30.00128 
p: 7 , P: 4 , k: 4  RMSE: 32.78796 
p: 7 , P: 4 , k: 5  RMSE: 39.42892 
p: 7 , P: 4 , k: 6  RMSE: 34.90864 
p: 7 , P: 4 , k: 7  RMSE: 33.15837 
p: 7 , P: 4 , k: 8  RMSE: 37.79901 
p: 7 , P: 4 , k: 9  RMSE: 31.93653 
p: 7 , P: 5 , k: 3  RMSE: 26.528 
p: 7 , P: 5 , k: 4  RMSE: 27.11628 
p: 7 , P: 5 , k: 5  RMSE: 30.37818 
p: 7 , P: 5 , k: 6  RMSE: 31.06008 
p: 7 , P: 5 , k: 7  RMSE: 29.11842 
p: 7 , P: 5 , k: 8  RMSE: 28.92263 
p: 7 , P: 5 , k: 9  RMSE: 28.35812 
p: 8 , P: 1 , k: 2  RMSE: 14.70607 
p: 8 , P: 1 , k: 3  RMSE: 15.3376 
p: 8 , P: 1 , k: 4  RMSE: 16.34122 
p: 8 , P: 1 , k: 5  RMSE: 16.63944 
p: 8 , P: 1 , k: 6  RMSE: 14.48509 
p: 8 , P: 1 , k: 7  RMSE: 15.73591 
p: 8 , P: 1 , k: 8  RMSE: 16.76594 
p: 8 , P: 2 , k: 2  RMSE: 13.94122 
p: 8 , P: 2 , k: 3  RMSE: 13.11829 
p: 8 , P: 2 , k: 4  RMSE: 14.5514 
p: 8 , P: 2 , k: 5  RMSE: 12.96795 
p: 8 , P: 2 , k: 6  RMSE: 12.85947 
p: 8 , P: 2 , k: 7  RMSE: 12.72567 
p: 8 , P: 2 , k: 8  RMSE: 13.79531 
p: 8 , P: 3 , k: 3  RMSE: 15.32651 
p: 8 , P: 3 , k: 4  RMSE: 14.86794 
p: 8 , P: 3 , k: 5  RMSE: 13.42625 
p: 8 , P: 3 , k: 6  RMSE: 12.96108 
p: 8 , P: 3 , k: 7  RMSE: 12.87104 
p: 8 , P: 3 , k: 8  RMSE: 13.48854 
p: 8 , P: 3 , k: 9  RMSE: 13.16809 
p: 8 , P: 4 , k: 3  RMSE: 43.62378 
p: 8 , P: 4 , k: 4  RMSE: 39.95314 
p: 8 , P: 4 , k: 5  RMSE: 29.83618 
p: 8 , P: 4 , k: 6  RMSE: 32.24271 
p: 8 , P: 4 , k: 7  RMSE: 39.7129 
p: 8 , P: 4 , k: 8  RMSE: 30.08384 
p: 8 , P: 4 , k: 9  RMSE: 35.03951 
p: 8 , P: 5 , k: 4  RMSE: 24.66876 
p: 8 , P: 5 , k: 5  RMSE: 29.27111 
p: 8 , P: 5 , k: 6  RMSE: 28.46273 
p: 8 , P: 5 , k: 7  RMSE: 24.41294 
p: 8 , P: 5 , k: 8  RMSE: 28.82496 
p: 8 , P: 5 , k: 9  RMSE: 27.49608 
p: 8 , P: 5 , k: 10  RMSE: 30.38536 
p: 9 , P: 1 , k: 2  RMSE: 16.91368 
p: 9 , P: 1 , k: 3  RMSE: 16.74921 
p: 9 , P: 1 , k: 4  RMSE: 15.59032 
p: 9 , P: 1 , k: 5  RMSE: 14.54232 
p: 9 , P: 1 , k: 6  RMSE: 15.6748 
p: 9 , P: 1 , k: 7  RMSE: 15.97787 
p: 9 , P: 1 , k: 8  RMSE: 15.2712 
p: 9 , P: 2 , k: 3  RMSE: 13.19437 
p: 9 , P: 2 , k: 4  RMSE: 13.64535 
p: 9 , P: 2 , k: 5  RMSE: 11.82968 
p: 9 , P: 2 , k: 6  RMSE: 12.50309 
p: 9 , P: 2 , k: 7  RMSE: 14.00873 
p: 9 , P: 2 , k: 8  RMSE: 14.80062 
p: 9 , P: 2 , k: 9  RMSE: 14.50696 
p: 9 , P: 3 , k: 3  RMSE: 14.70543 
p: 9 , P: 3 , k: 4  RMSE: 13.38404 
p: 9 , P: 3 , k: 5  RMSE: 15.03841 
p: 9 , P: 3 , k: 6  RMSE: 15.34462 
p: 9 , P: 3 , k: 7  RMSE: 13.31298 
p: 9 , P: 3 , k: 8  RMSE: 15.59976 
p: 9 , P: 3 , k: 9  RMSE: 14.3942 
p: 9 , P: 4 , k: 4  RMSE: 33.65566 
p: 9 , P: 4 , k: 5  RMSE: 28.66456 
p: 9 , P: 4 , k: 6  RMSE: 36.68565 
p: 9 , P: 4 , k: 7  RMSE: 31.38386 
p: 9 , P: 4 , k: 8  RMSE: 35.73744 
p: 9 , P: 4 , k: 9  RMSE: 30.64857 
p: 9 , P: 4 , k: 10  RMSE: 31.77207 
p: 9 , P: 5 , k: 4  RMSE: 29.95403 
p: 9 , P: 5 , k: 5  RMSE: 26.80237 
p: 9 , P: 5 , k: 6  RMSE: 25.90696 
p: 9 , P: 5 , k: 7  RMSE: 27.4626 
p: 9 , P: 5 , k: 8  RMSE: 26.83889 
p: 9 , P: 5 , k: 9  RMSE: 28.64234 
p: 9 , P: 5 , k: 10  RMSE: 28.80994 
p: 10 , P: 1 , k: 3  RMSE: 17.09931 
p: 10 , P: 1 , k: 4  RMSE: 16.84976 
p: 10 , P: 1 , k: 5  RMSE: 19.02068 
p: 10 , P: 1 , k: 6  RMSE: 16.51191 
p: 10 , P: 1 , k: 7  RMSE: 16.58732 
p: 10 , P: 1 , k: 8  RMSE: 17.91882 
p: 10 , P: 1 , k: 9  RMSE: 16.8697 
p: 10 , P: 2 , k: 3  RMSE: 14.122 
p: 10 , P: 2 , k: 4  RMSE: 14.4554 
p: 10 , P: 2 , k: 5  RMSE: 14.00199 
p: 10 , P: 2 , k: 6  RMSE: 13.33759 
p: 10 , P: 2 , k: 7  RMSE: 15.67013 
p: 10 , P: 2 , k: 8  RMSE: 14.30399 
p: 10 , P: 2 , k: 9  RMSE: 16.00253 
p: 10 , P: 3 , k: 4  RMSE: 14.70036 
p: 10 , P: 3 , k: 5  RMSE: 13.77254 
p: 10 , P: 3 , k: 6  RMSE: 15.1273 
p: 10 , P: 3 , k: 7  RMSE: 15.01989 
p: 10 , P: 3 , k: 8  RMSE: 13.82067 
p: 10 , P: 3 , k: 9  RMSE: 13.41894 
p: 10 , P: 3 , k: 10  RMSE: 13.0895 
p: 10 , P: 4 , k: 4  RMSE: 34.27307 
p: 10 , P: 4 , k: 5  RMSE: 27.78873 
p: 10 , P: 4 , k: 6  RMSE: 29.21815 
p: 10 , P: 4 , k: 7  RMSE: 32.86045 
p: 10 , P: 4 , k: 8  RMSE: 32.8308 
p: 10 , P: 4 , k: 9  RMSE: 33.4063 
p: 10 , P: 4 , k: 10  RMSE: 32.98012 
p: 10 , P: 5 , k: 5  RMSE: 28.61563 
p: 10 , P: 5 , k: 6  RMSE: 28.6443 
p: 10 , P: 5 , k: 7  RMSE: 29.72495 
p: 10 , P: 5 , k: 8  RMSE: 31.21468 
p: 10 , P: 5 , k: 9  RMSE: 26.9497 
p: 10 , P: 5 , k: 10  RMSE: 27.59159 
p: 10 , P: 5 , k: 11  RMSE: 28.40866 
Scale for x is already present.
Adding another scale for x, which will replace the existing scale.
