Loading required package: zoo

Attaching package: ‘zoo’

The following objects are masked from ‘package:base’:

    as.Date, as.Date.numeric

Registered S3 method overwritten by 'quantmod':
  method            from
  as.zoo.data.frame zoo 
Loading required package: MASS
Loading required package: strucchange
Loading required package: sandwich
Loading required package: urca
Loading required package: lmtest
randomForest 4.7-1.2
Type rfNews() to see new features/changes/bug fixes.

Attaching package: ‘randomForest’

The following object is masked from ‘package:ggplot2’:

    margin


Attaching package: ‘MTS’

The following object is masked from ‘package:vars’:

    VAR

p: 1 , P: 1 , k: -2 , RMSE: 15.04043 
p: 1 , P: 1 , k: -1 , RMSE: 15.36563 
p: 1 , P: 1 , k: 0 , RMSE: 15.45323 
p: 1 , P: 1 , k: 1 , RMSE: 15.48733 
p: 1 , P: 1 , k: 2 , RMSE: 14.44781 
p: 1 , P: 1 , k: 3 , RMSE: 15.64076 
p: 1 , P: 1 , k: 4 , RMSE: 14.95024 
p: 1 , P: 2 , k: -1 , RMSE: 13.80696 
p: 1 , P: 2 , k: 0 , RMSE: 13.84819 
p: 1 , P: 2 , k: 1 , RMSE: 14.30841 
p: 1 , P: 2 , k: 2 , RMSE: 13.59196 
p: 1 , P: 2 , k: 3 , RMSE: 13.85756 
p: 1 , P: 2 , k: 4 , RMSE: 14.03084 
p: 1 , P: 2 , k: 5 , RMSE: 14.52958 
p: 1 , P: 3 , k: -1 , RMSE: 15.23307 
p: 1 , P: 3 , k: 0 , RMSE: 14.95413 
p: 1 , P: 3 , k: 1 , RMSE: 15.65877 
p: 1 , P: 3 , k: 2 , RMSE: 13.88023 
p: 1 , P: 3 , k: 3 , RMSE: 15.21926 
p: 1 , P: 3 , k: 4 , RMSE: 14.11434 
p: 1 , P: 3 , k: 5 , RMSE: 14.47243 
p: 1 , P: 4 , k: 0 , RMSE: 39.59068 
p: 1 , P: 4 , k: 1 , RMSE: 36.48868 
p: 1 , P: 4 , k: 2 , RMSE: 43.12407 
p: 1 , P: 4 , k: 3 , RMSE: 46.33917 
p: 1 , P: 4 , k: 4 , RMSE: 41.50239 
p: 1 , P: 4 , k: 5 , RMSE: 39.65832 
p: 1 , P: 4 , k: 6 , RMSE: 39.75369 
p: 1 , P: 5 , k: 0 , RMSE: 30.56686 
p: 1 , P: 5 , k: 1 , RMSE: 29.89936 
p: 1 , P: 5 , k: 2 , RMSE: 33.18146 
p: 1 , P: 5 , k: 3 , RMSE: 33.44139 
p: 1 , P: 5 , k: 4 , RMSE: 33.01376 
p: 1 , P: 5 , k: 5 , RMSE: 32.43068 
p: 1 , P: 5 , k: 6 , RMSE: 29.5098 
p: 2 , P: 1 , k: -1 , RMSE: 14.95709 
p: 2 , P: 1 , k: 0 , RMSE: 15.54457 
p: 2 , P: 1 , k: 1 , RMSE: 14.98146 
p: 2 , P: 1 , k: 2 , RMSE: 15.60557 
p: 2 , P: 1 , k: 3 , RMSE: 15.31445 
p: 2 , P: 1 , k: 4 , RMSE: 15.79396 
p: 2 , P: 1 , k: 5 , RMSE: 15.33275 
p: 2 , P: 2 , k: -1 , RMSE: 14.79501 
p: 2 , P: 2 , k: 0 , RMSE: 13.98481 
p: 2 , P: 2 , k: 1 , RMSE: 13.88967 
p: 2 , P: 2 , k: 2 , RMSE: 13.87129 
p: 2 , P: 2 , k: 3 , RMSE: 14.92946 
p: 2 , P: 2 , k: 4 , RMSE: 13.27989 
p: 2 , P: 2 , k: 5 , RMSE: 14.20359 
p: 2 , P: 3 , k: 0 , RMSE: 12.48938 
p: 2 , P: 3 , k: 1 , RMSE: 12.38537 
p: 2 , P: 3 , k: 2 , RMSE: 11.53863 
p: 2 , P: 3 , k: 3 , RMSE: 12.53919 
p: 2 , P: 3 , k: 4 , RMSE: 12.8196 
p: 2 , P: 3 , k: 5 , RMSE: 12.22848 
p: 2 , P: 3 , k: 6 , RMSE: 12.31112 
p: 2 , P: 4 , k: 0 , RMSE: 34.47925 
p: 2 , P: 4 , k: 1 , RMSE: 31.44882 
p: 2 , P: 4 , k: 2 , RMSE: 34.06242 
p: 2 , P: 4 , k: 3 , RMSE: 31.59949 
p: 2 , P: 4 , k: 4 , RMSE: 28.44782 
p: 2 , P: 4 , k: 5 , RMSE: 32.95612 
p: 2 , P: 4 , k: 6 , RMSE: 42.99699 
p: 2 , P: 5 , k: 1 , RMSE: 29.18127 
p: 2 , P: 5 , k: 2 , RMSE: 30.02538 
p: 2 , P: 5 , k: 3 , RMSE: 24.86647 
p: 2 , P: 5 , k: 4 , RMSE: 22.59872 
p: 2 , P: 5 , k: 5 , RMSE: 35.83004 
p: 2 , P: 5 , k: 6 , RMSE: 40.96284 
p: 2 , P: 5 , k: 7 , RMSE: 32.80965 
p: 3 , P: 1 , k: -1 , RMSE: 14.02549 
p: 3 , P: 1 , k: 0 , RMSE: 14.71155 
p: 3 , P: 1 , k: 1 , RMSE: 14.07062 
p: 3 , P: 1 , k: 2 , RMSE: 14.12891 
p: 3 , P: 1 , k: 3 , RMSE: 14.12734 
p: 3 , P: 1 , k: 4 , RMSE: 14.02495 
p: 3 , P: 1 , k: 5 , RMSE: 14.11989 
p: 3 , P: 2 , k: 0 , RMSE: 11.11389 
p: 3 , P: 2 , k: 1 , RMSE: 11.00192 
p: 3 , P: 2 , k: 2 , RMSE: 11.18118 
p: 3 , P: 2 , k: 3 , RMSE: 11.09247 
p: 3 , P: 2 , k: 4 , RMSE: 12.17908 
p: 3 , P: 2 , k: 5 , RMSE: 11.472 
p: 3 , P: 2 , k: 6 , RMSE: 11.3224 
p: 3 , P: 3 , k: 0 , RMSE: 12.04822 
p: 3 , P: 3 , k: 1 , RMSE: 11.18595 
p: 3 , P: 3 , k: 2 , RMSE: 12.55768 
p: 3 , P: 3 , k: 3 , RMSE: 12.3829 
p: 3 , P: 3 , k: 4 , RMSE: 11.41784 
p: 3 , P: 3 , k: 5 , RMSE: 12.99593 
p: 3 , P: 3 , k: 6 , RMSE: 12.40539 
p: 3 , P: 4 , k: 1 , RMSE: 36.0544 
p: 3 , P: 4 , k: 2 , RMSE: 32.65796 
p: 3 , P: 4 , k: 3 , RMSE: 44.38427 
p: 3 , P: 4 , k: 4 , RMSE: 29.99571 
p: 3 , P: 4 , k: 5 , RMSE: 34.14082 
p: 3 , P: 4 , k: 6 , RMSE: 33.95528 
p: 3 , P: 4 , k: 7 , RMSE: 38.7013 
p: 3 , P: 5 , k: 1 , RMSE: 25.79741 
p: 3 , P: 5 , k: 2 , RMSE: 29.13339 
p: 3 , P: 5 , k: 3 , RMSE: 29.06394 
p: 3 , P: 5 , k: 4 , RMSE: 21.82542 
p: 3 , P: 5 , k: 5 , RMSE: 25.52724 
p: 3 , P: 5 , k: 6 , RMSE: 30.86912 
p: 3 , P: 5 , k: 7 , RMSE: 23.27664 
p: 4 , P: 1 , k: 0 , RMSE: 13.41871 
p: 4 , P: 1 , k: 1 , RMSE: 13.2646 
p: 4 , P: 1 , k: 2 , RMSE: 13.49801 
p: 4 , P: 1 , k: 3 , RMSE: 13.40638 
p: 4 , P: 1 , k: 4 , RMSE: 13.57784 
p: 4 , P: 1 , k: 5 , RMSE: 13.73729 
p: 4 , P: 1 , k: 6 , RMSE: 13.38577 
p: 4 , P: 2 , k: 0 , RMSE: 10.68927 
p: 4 , P: 2 , k: 1 , RMSE: 11.12063 
p: 4 , P: 2 , k: 2 , RMSE: 10.87483 
p: 4 , P: 2 , k: 3 , RMSE: 11.23197 
p: 4 , P: 2 , k: 4 , RMSE: 10.88406 
p: 4 , P: 2 , k: 5 , RMSE: 11.45907 
p: 4 , P: 2 , k: 6 , RMSE: 11.07916 
p: 4 , P: 3 , k: 1 , RMSE: 11.32531 
p: 4 , P: 3 , k: 2 , RMSE: 15.15577 
p: 4 , P: 3 , k: 3 , RMSE: 12.30962 
p: 4 , P: 3 , k: 4 , RMSE: 12.62019 
p: 4 , P: 3 , k: 5 , RMSE: 13.70667 
p: 4 , P: 3 , k: 6 , RMSE: 12.49958 
p: 4 , P: 3 , k: 7 , RMSE: 12.99168 
p: 4 , P: 4 , k: 1 , RMSE: 38.01573 
p: 4 , P: 4 , k: 2 , RMSE: 39.83483 
p: 4 , P: 4 , k: 3 , RMSE: 35.21658 
p: 4 , P: 4 , k: 4 , RMSE: 36.86053 
p: 4 , P: 4 , k: 5 , RMSE: 42.14709 
p: 4 , P: 4 , k: 6 , RMSE: 30.9633 
p: 4 , P: 4 , k: 7 , RMSE: 38.1395 
p: 4 , P: 5 , k: 2 , RMSE: 32.34495 
p: 4 , P: 5 , k: 3 , RMSE: 27.75895 
p: 4 , P: 5 , k: 4 , RMSE: 31.80852 
p: 4 , P: 5 , k: 5 , RMSE: 22.46512 
p: 4 , P: 5 , k: 6 , RMSE: 30.66176 
p: 4 , P: 5 , k: 7 , RMSE: 27.49145 
p: 4 , P: 5 , k: 8 , RMSE: 24.50316 
p: 5 , P: 1 , k: 0 , RMSE: 13.67373 
p: 5 , P: 1 , k: 1 , RMSE: 13.54758 
p: 5 , P: 1 , k: 2 , RMSE: 14.36246 
p: 5 , P: 1 , k: 3 , RMSE: 13.12119 
p: 5 , P: 1 , k: 4 , RMSE: 13.48385 
p: 5 , P: 1 , k: 5 , RMSE: 14.1426 
p: 5 , P: 1 , k: 6 , RMSE: 13.94865 
p: 5 , P: 2 , k: 1 , RMSE: 10.67132 
p: 5 , P: 2 , k: 2 , RMSE: 10.10731 
p: 5 , P: 2 , k: 3 , RMSE: 11.11861 
p: 5 , P: 2 , k: 4 , RMSE: 11.07707 
p: 5 , P: 2 , k: 5 , RMSE: 10.8857 
p: 5 , P: 2 , k: 6 , RMSE: 10.99665 
p: 5 , P: 2 , k: 7 , RMSE: 10.92561 
p: 5 , P: 3 , k: 1 , RMSE: 11.61332 
p: 5 , P: 3 , k: 2 , RMSE: 12.78872 
p: 5 , P: 3 , k: 3 , RMSE: 11.86299 
p: 5 , P: 3 , k: 4 , RMSE: 15.48146 
p: 5 , P: 3 , k: 5 , RMSE: 11.96179 
p: 5 , P: 3 , k: 6 , RMSE: 11.94121 
p: 5 , P: 3 , k: 7 , RMSE: 12.6615 
p: 5 , P: 4 , k: 2 , RMSE: 42.61187 
p: 5 , P: 4 , k: 3 , RMSE: 46.99555 
p: 5 , P: 4 , k: 4 , RMSE: 39.71146 
p: 5 , P: 4 , k: 5 , RMSE: 38.62777 
p: 5 , P: 4 , k: 6 , RMSE: 37.3882 
p: 5 , P: 4 , k: 7 , RMSE: 35.86326 
p: 5 , P: 4 , k: 8 , RMSE: 35.75334 
p: 5 , P: 5 , k: 2 , RMSE: 28.77106 
p: 5 , P: 5 , k: 3 , RMSE: 34.3313 
p: 5 , P: 5 , k: 4 , RMSE: 27.5869 
p: 5 , P: 5 , k: 5 , RMSE: 35.89961 
p: 5 , P: 5 , k: 6 , RMSE: 30.77291 
p: 5 , P: 5 , k: 7 , RMSE: 31.65477 
p: 5 , P: 5 , k: 8 , RMSE: 30.15026 
p: 6 , P: 1 , k: 1 , RMSE: 14.66822 
p: 6 , P: 1 , k: 2 , RMSE: 14.26942 
p: 6 , P: 1 , k: 3 , RMSE: 14.40513 
p: 6 , P: 1 , k: 4 , RMSE: 14.06416 
p: 6 , P: 1 , k: 5 , RMSE: 14.26565 
p: 6 , P: 1 , k: 6 , RMSE: 13.82745 
p: 6 , P: 1 , k: 7 , RMSE: 14.3274 
p: 6 , P: 2 , k: 1 , RMSE: 10.93092 
p: 6 , P: 2 , k: 2 , RMSE: 11.20704 
p: 6 , P: 2 , k: 3 , RMSE: 10.61849 
p: 6 , P: 2 , k: 4 , RMSE: 11.04344 
p: 6 , P: 2 , k: 5 , RMSE: 11.13912 
p: 6 , P: 2 , k: 6 , RMSE: 11.05835 
p: 6 , P: 2 , k: 7 , RMSE: 10.92389 
p: 6 , P: 3 , k: 2 , RMSE: 10.61135 
p: 6 , P: 3 , k: 3 , RMSE: 11.64038 
p: 6 , P: 3 , k: 4 , RMSE: 11.28468 
p: 6 , P: 3 , k: 5 , RMSE: 12.30277 
p: 6 , P: 3 , k: 6 , RMSE: 12.00229 
p: 6 , P: 3 , k: 7 , RMSE: 10.26372 
p: 6 , P: 3 , k: 8 , RMSE: 12.17124 
p: 6 , P: 4 , k: 2 , RMSE: 38.49885 
p: 6 , P: 4 , k: 3 , RMSE: 35.58088 
p: 6 , P: 4 , k: 4 , RMSE: 44.0219 
p: 6 , P: 4 , k: 5 , RMSE: 43.2155 
p: 6 , P: 4 , k: 6 , RMSE: 40.96879 
p: 6 , P: 4 , k: 7 , RMSE: 48.73677 
p: 6 , P: 4 , k: 8 , RMSE: 46.62173 
p: 6 , P: 5 , k: 3 , RMSE: 30.93648 
p: 6 , P: 5 , k: 4 , RMSE: 31.2394 
p: 6 , P: 5 , k: 5 , RMSE: 28.28996 
p: 6 , P: 5 , k: 6 , RMSE: 29.93342 
p: 6 , P: 5 , k: 7 , RMSE: 29.01834 
p: 6 , P: 5 , k: 8 , RMSE: 34.93221 
p: 6 , P: 5 , k: 9 , RMSE: 35.15913 
p: 7 , P: 1 , k: 1 , RMSE: 14.895 
p: 7 , P: 1 , k: 2 , RMSE: 13.1759 
p: 7 , P: 1 , k: 3 , RMSE: 13.58141 
p: 7 , P: 1 , k: 4 , RMSE: 14.24416 
p: 7 , P: 1 , k: 5 , RMSE: 14.99817 
p: 7 , P: 1 , k: 6 , RMSE: 14.89294 
p: 7 , P: 1 , k: 7 , RMSE: 14.73948 
p: 7 , P: 2 , k: 2 , RMSE: 10.35243 
p: 7 , P: 2 , k: 3 , RMSE: 10.37946 
p: 7 , P: 2 , k: 4 , RMSE: 10.80236 
p: 7 , P: 2 , k: 5 , RMSE: 10.61717 
p: 7 , P: 2 , k: 6 , RMSE: 11.08538 
p: 7 , P: 2 , k: 7 , RMSE: 10.73353 
p: 7 , P: 2 , k: 8 , RMSE: 10.79315 
p: 7 , P: 3 , k: 2 , RMSE: 10.39697 
p: 7 , P: 3 , k: 3 , RMSE: 10.86571 
p: 7 , P: 3 , k: 4 , RMSE: 11.20835 
p: 7 , P: 3 , k: 5 , RMSE: 10.84761 
p: 7 , P: 3 , k: 6 , RMSE: 10.54908 
p: 7 , P: 3 , k: 7 , RMSE: 10.67215 
p: 7 , P: 3 , k: 8 , RMSE: 9.273968 
p: 7 , P: 4 , k: 3 , RMSE: 62.51731 
p: 7 , P: 4 , k: 4 , RMSE: 40.14013 
p: 7 , P: 4 , k: 5 , RMSE: 44.81283 
p: 7 , P: 4 , k: 6 , RMSE: 41.51929 
p: 7 , P: 4 , k: 7 , RMSE: 41.32566 
p: 7 , P: 4 , k: 8 , RMSE: 32.26322 
p: 7 , P: 4 , k: 9 , RMSE: 40.65534 
p: 7 , P: 5 , k: 3 , RMSE: 32.8615 
p: 7 , P: 5 , k: 4 , RMSE: 24.61362 
p: 7 , P: 5 , k: 5 , RMSE: 26.49426 
p: 7 , P: 5 , k: 6 , RMSE: 30.63367 
p: 7 , P: 5 , k: 7 , RMSE: 27.02041 
p: 7 , P: 5 , k: 8 , RMSE: 30.57363 
p: 7 , P: 5 , k: 9 , RMSE: 28.74883 
p: 8 , P: 1 , k: 2 , RMSE: 14.82649 
p: 8 , P: 1 , k: 3 , RMSE: 15.06349 
p: 8 , P: 1 , k: 4 , RMSE: 15.94212 
p: 8 , P: 1 , k: 5 , RMSE: 15.77594 
p: 8 , P: 1 , k: 6 , RMSE: 15.51482 
p: 8 , P: 1 , k: 7 , RMSE: 15.18053 
p: 8 , P: 1 , k: 8 , RMSE: 16.04905 
p: 8 , P: 2 , k: 2 , RMSE: 11.29011 
p: 8 , P: 2 , k: 3 , RMSE: 10.88693 
p: 8 , P: 2 , k: 4 , RMSE: 11.08926 
p: 8 , P: 2 , k: 5 , RMSE: 10.81933 
p: 8 , P: 2 , k: 6 , RMSE: 10.90448 
p: 8 , P: 2 , k: 7 , RMSE: 10.52045 
p: 8 , P: 2 , k: 8 , RMSE: 10.34914 
p: 8 , P: 3 , k: 3 , RMSE: 11.53044 
p: 8 , P: 3 , k: 4 , RMSE: 10.305 
p: 8 , P: 3 , k: 5 , RMSE: 11.75589 
p: 8 , P: 3 , k: 6 , RMSE: 10.11348 
p: 8 , P: 3 , k: 7 , RMSE: 10.83872 
p: 8 , P: 3 , k: 8 , RMSE: 11.43178 
p: 8 , P: 3 , k: 9 , RMSE: 10.1534 
p: 8 , P: 4 , k: 3 , RMSE: 37.94284 
p: 8 , P: 4 , k: 4 , RMSE: 39.74348 
p: 8 , P: 4 , k: 5 , RMSE: 37.66239 
p: 8 , P: 4 , k: 6 , RMSE: 30.32854 
p: 8 , P: 4 , k: 7 , RMSE: 33.18865 
p: 8 , P: 4 , k: 8 , RMSE: 38.09953 
p: 8 , P: 4 , k: 9 , RMSE: 42.13241 
p: 8 , P: 5 , k: 4 , RMSE: 36.59031 
p: 8 , P: 5 , k: 5 , RMSE: 35.66795 
p: 8 , P: 5 , k: 6 , RMSE: 30.03283 
p: 8 , P: 5 , k: 7 , RMSE: 29.61338 
p: 8 , P: 5 , k: 8 , RMSE: 26.18836 
p: 8 , P: 5 , k: 9 , RMSE: 28.61482 
p: 8 , P: 5 , k: 10 , RMSE: 26.29132 
p: 9 , P: 1 , k: 2 , RMSE: 16.68825 
p: 9 , P: 1 , k: 3 , RMSE: 16.96097 
p: 9 , P: 1 , k: 4 , RMSE: 16.10759 
p: 9 , P: 1 , k: 5 , RMSE: 16.40187 
p: 9 , P: 1 , k: 6 , RMSE: 16.84532 
p: 9 , P: 1 , k: 7 , RMSE: 15.61612 
p: 9 , P: 1 , k: 8 , RMSE: 16.0332 
p: 9 , P: 2 , k: 3 , RMSE: 10.52446 
p: 9 , P: 2 , k: 4 , RMSE: 12.25273 
p: 9 , P: 2 , k: 5 , RMSE: 11.86336 
p: 9 , P: 2 , k: 6 , RMSE: 11.2948 
p: 9 , P: 2 , k: 7 , RMSE: 11.08979 
p: 9 , P: 2 , k: 8 , RMSE: 11.47433 
p: 9 , P: 2 , k: 9 , RMSE: 11.86896 
p: 9 , P: 3 , k: 3 , RMSE: 10.73612 
p: 9 , P: 3 , k: 4 , RMSE: 12.16832 
p: 9 , P: 3 , k: 5 , RMSE: 11.16239 
p: 9 , P: 3 , k: 6 , RMSE: 11.25582 
p: 9 , P: 3 , k: 7 , RMSE: 10.64554 
p: 9 , P: 3 , k: 8 , RMSE: 10.09858 
p: 9 , P: 3 , k: 9 , RMSE: 12.65003 
p: 9 , P: 4 , k: 4 , RMSE: 42.23391 
p: 9 , P: 4 , k: 5 , RMSE: 30.07752 
p: 9 , P: 4 , k: 6 , RMSE: 39.37685 
p: 9 , P: 4 , k: 7 , RMSE: 34.37211 
p: 9 , P: 4 , k: 8 , RMSE: 111.2356 
p: 9 , P: 4 , k: 9 , RMSE: 54.40836 
p: 9 , P: 4 , k: 10 , RMSE: 99.99127 
p: 9 , P: 5 , k: 4 , RMSE: 24.95649 
p: 9 , P: 5 , k: 5 , RMSE: 31.0461 
p: 9 , P: 5 , k: 6 , RMSE: 24.24747 
p: 9 , P: 5 , k: 7 , RMSE: 36.92541 
p: 9 , P: 5 , k: 8 , RMSE: 27.24441 
p: 9 , P: 5 , k: 9 , RMSE: 113.8926 
p: 9 , P: 5 , k: 10 , RMSE: 31.71505 
p: 10 , P: 1 , k: 3 , RMSE: 15.65859 
p: 10 , P: 1 , k: 4 , RMSE: 15.97575 
p: 10 , P: 1 , k: 5 , RMSE: 16.24829 
p: 10 , P: 1 , k: 6 , RMSE: 15.46258 
p: 10 , P: 1 , k: 7 , RMSE: 18.50168 
p: 10 , P: 1 , k: 8 , RMSE: 16.60446 
p: 10 , P: 1 , k: 9 , RMSE: 16.29266 
p: 10 , P: 2 , k: 3 , RMSE: 11.63557 
p: 10 , P: 2 , k: 4 , RMSE: 11.07138 
p: 10 , P: 2 , k: 5 , RMSE: 12.38117 
p: 10 , P: 2 , k: 6 , RMSE: 11.09159 
p: 10 , P: 2 , k: 7 , RMSE: 11.74142 
p: 10 , P: 2 , k: 8 , RMSE: 11.72017 
p: 10 , P: 2 , k: 9 , RMSE: 11.75064 
p: 10 , P: 3 , k: 4 , RMSE: 10.2358 
p: 10 , P: 3 , k: 5 , RMSE: 10.44143 
p: 10 , P: 3 , k: 6 , RMSE: 11.78384 
p: 10 , P: 3 , k: 7 , RMSE: 10.48694 
p: 10 , P: 3 , k: 8 , RMSE: 9.636042 
p: 10 , P: 3 , k: 9 , RMSE: 10.48274 
p: 10 , P: 3 , k: 10 , RMSE: 10.73301 
p: 10 , P: 4 , k: 4 , RMSE: 32.31457 
p: 10 , P: 4 , k: 5 , RMSE: 34.7439 
p: 10 , P: 4 , k: 6 , RMSE: 35.31422 
p: 10 , P: 4 , k: 7 , RMSE: 44.95835 
p: 10 , P: 4 , k: 8 , RMSE: 159.991 
p: 10 , P: 4 , k: 9 , RMSE: 28.68304 
p: 10 , P: 4 , k: 10 , RMSE: 25.4375 
p: 10 , P: 5 , k: 5 , RMSE: 31.53637 
p: 10 , P: 5 , k: 6 , RMSE: 37.29674 
p: 10 , P: 5 , k: 7 , RMSE: 36.45254 
p: 10 , P: 5 , k: 8 , RMSE: 38.00028 
p: 10 , P: 5 , k: 9 , RMSE: 33.40399 
p: 10 , P: 5 , k: 10 , RMSE: 29.49778 
p: 10 , P: 5 , k: 11 , RMSE: 41.97041 
Scale for x is already present.
Adding another scale for x, which will replace the existing scale.
