Loading required package: zoo

Attaching package: ‘zoo’

The following objects are masked from ‘package:base’:

    as.Date, as.Date.numeric

Registered S3 method overwritten by 'quantmod':
  method            from
  as.zoo.data.frame zoo 
Loading required package: MASS
Loading required package: strucchange
Loading required package: sandwich
Loading required package: urca
Loading required package: lmtest
randomForest 4.7-1.2
Type rfNews() to see new features/changes/bug fixes.

Attaching package: ‘randomForest’

The following object is masked from ‘package:ggplot2’:

    margin


Attaching package: ‘MTS’

The following object is masked from ‘package:vars’:

    VAR

   Timestamp                      OAT (F)         Power (kW)   
 Min.   :2010-01-01 01:15:00   Min.   : 33.00   Min.   :  0.0  
 1st Qu.:2010-03-25 12:52:30   1st Qu.: 53.00   1st Qu.:195.4  
 Median :2010-06-17 00:30:00   Median : 58.00   Median :276.5  
 Mean   :2010-06-17 00:30:00   Mean   : 59.01   Mean   :262.3  
 3rd Qu.:2010-09-08 12:07:30   3rd Qu.: 64.00   3rd Qu.:313.1  
 Max.   :2010-11-30 23:45:00   Max.   :100.00   Max.   :457.9  
                                                NA's   :96     
   Temp (C°)     
 Min.   : 3.889  
 1st Qu.: 9.444  
 Median :11.111  
 Mean   :11.120  
 3rd Qu.:12.778  
 Max.   :19.444  
 NA's   :26265   
# A tibble: 6 × 4
  Timestamp           `OAT (F)` `Power (kW)` `Temp (C°)`
  <dttm>                  <dbl>        <dbl>       <dbl>
1 2010-01-01 01:15:00        51         165.        10.6
2 2010-01-01 01:30:00        51         152.        10.6
3 2010-01-01 01:45:00        51         147.        10.6
4 2010-01-01 02:00:00        51         154.        10.6
5 2010-01-01 02:15:00        51         154.        10.6
6 2010-01-01 02:30:00        51         159         10.6

Tests for zero cross-correlation of x and y

| Lag|    CC|  Stand. CB(95%)|  Robust CB(95%)| Lag|      t| p-value| t-tilde| p-value| Lag|        HB| p-value|  Q-tilde| p-value|
|---:|-----:|---------------:|---------------:|---:|------:|-------:|-------:|-------:|---:|---------:|-------:|--------:|-------:|
| -10| 0.541| (-0.024, 0.024)| (-0.029, 0.029)| -10| 44.817|   0.000|  36.780|   0.000| -10| 24942.975|   0.000| 1688.123|   0.000|
|  -9| 0.551| (-0.024, 0.024)| (-0.029, 0.029)|  -9| 45.642|   0.000|  37.432|   0.000|  -9| 22931.520|   0.000| 1687.985|   0.000|
|  -8| 0.560| (-0.024, 0.024)| (-0.029, 0.029)|  -8| 46.380|   0.000|  38.043|   0.000|  -8| 20845.626|   0.000| 1687.966|   0.000|
|  -7| 0.566| (-0.024, 0.024)| (-0.029, 0.029)|  -7| 46.916|   0.000|  38.539|   0.000|  -7| 18692.035|   0.000| 1687.434|   0.000|
|  -6| 0.573| (-0.024, 0.024)| (-0.029, 0.029)|  -6| 47.461|   0.000|  39.026|   0.000|  -6| 16488.698|   0.000| 1686.845|   0.000|
|  -5| 0.579| (-0.024, 0.024)| (-0.029, 0.029)|  -5| 47.945|   0.000|  39.483|   0.000|  -5| 14234.223|   0.000| 1686.730|   0.000|
|  -4| 0.584| (-0.024, 0.024)| (-0.029, 0.029)|  -4| 48.360|   0.000|  39.939|   0.000|  -4| 11933.810|   0.000| 1686.602|   0.000|
|  -3| 0.587| (-0.024, 0.024)| (-0.029, 0.029)|  -3| 48.615|   0.000|  40.230|   0.000|  -3|  9593.754|   0.000| 1685.551|   0.000|
|  -2| 0.590| (-0.024, 0.024)| (-0.029, 0.029)|  -2| 48.878|   0.000|  40.515|   0.000|  -2|  7229.327|   0.000| 1684.540|   0.000|
|  -1| 0.593| (-0.024, 0.024)| (-0.028, 0.028)|  -1| 49.105|   0.000|  40.767|   0.000|  -1|  4839.539|   0.000| 1684.202|   0.000|
|   0| 0.595| (-0.024, 0.024)| (-0.028, 0.028)|   0| 49.274|   0.000|  41.032|   0.000|   0|  2427.898|   0.000| 1683.645|   0.000|
|   1| 0.593| (-0.024, 0.024)| (-0.028, 0.028)|   1| 49.159|   0.000|  41.062|   0.000|   1|  4844.822|   0.000| 1698.121|   0.000|
|   2| 0.592| (-0.024, 0.024)| (-0.028, 0.028)|   2| 49.053|   0.000|  41.084|   0.000|   2|  7251.744|   0.000| 1711.460|   0.000|
|   3| 0.590| (-0.024, 0.024)| (-0.028, 0.028)|   3| 48.928|   0.000|  41.086|   0.000|   3|  9646.698|   0.000| 1724.917|   0.000|
|   4| 0.589| (-0.024, 0.024)| (-0.028, 0.028)|   4| 48.781|   0.000|  41.089|   0.000|   4| 12027.650|   0.000| 1738.974|   0.000|
|   5| 0.581| (-0.024, 0.024)| (-0.028, 0.028)|   5| 48.177|   0.000|  40.759|   0.000|   5| 14350.379|   0.000| 1743.344|   0.000|
|   6| 0.574| (-0.024, 0.024)| (-0.028, 0.028)|   6| 47.574|   0.000|  40.447|   0.000|   6| 16615.647|   0.000| 1747.785|   0.000|
|   7| 0.566| (-0.024, 0.024)| (-0.028, 0.028)|   7| 46.916|   0.000|  40.110|   0.000|   7| 18819.034|   0.000| 1752.641|   0.000|
|   8| 0.558| (-0.024, 0.024)| (-0.027, 0.027)|   8| 46.281|   0.000|  39.813|   0.000|   8| 20963.489|   0.000| 1758.671|   0.000|
|   9| 0.545| (-0.024, 0.024)| (-0.027, 0.027)|   9| 45.187|   0.000|  39.132|   0.000|   9| 23008.049|   0.000| 1759.460|   0.000|
|  10| 0.532| (-0.024, 0.024)| (-0.027, 0.027)|  10| 44.100|   0.000|  38.467|   0.000|  10| 24955.681|   0.000| 1760.862|   0.000|


	Box-Ljung test

data:  d2
X-squared = 293.03, df = 10, p-value < 2.2e-16


	Ljung-Box test

data:  Residuals from ARIMA(2,1,3)
Q* = 7017.9, df = 187, p-value < 2.2e-16

Model df: 5.   Total lags used: 192

timing : 1.31226 
RMSE arima (without covariates) : 104.4724 

	Ljung-Box test

data:  Residuals from Regression with ARIMA(2,1,3) errors
Q* = 6806.5, df = 187, p-value < 2.2e-16

Model df: 5.   Total lags used: 192

timing : 1.49672 
RMSE arima (with covariates) : 79.35657 
Scale for x is already present.
Adding another scale for x, which will replace the existing scale.

	Ljung-Box test

data:  Residuals from ARIMA(1,0,3)(1,1,1)[96]
Q* = 300.66, df = 186, p-value = 2.026e-07

Model df: 6.   Total lags used: 192

timing : 12.03883 

	Ljung-Box test

data:  Residuals from Regression with ARIMA(1,0,3)(1,1,1)[96] errors
Q* = 298.71, df = 186, p-value = 2.976e-07

Model df: 6.   Total lags used: 192

timing : 19.69942 
timing fourier: 2.310149 
RMSE fourier (single season) : 34.56537 
timing multi: 8.720511 
RMSE fourier (multi seasons) : 34.63504 
Scale for x is already present.
Adding another scale for x, which will replace the existing scale.

	Ljung-Box test

data:  Residuals from NNAR(7,3,6)[96]
Q* = 3140.4, df = 192, p-value < 2.2e-16

Model df: 0.   Total lags used: 192

timing : 11.77314 
RMSE NN (without covariates) : 10.55258 

	Ljung-Box test

data:  Residuals from NNAR(4,2,4)[96]
Q* = 3917, df = 192, p-value < 2.2e-16

Model df: 0.   Total lags used: 192

timing : 8.024127 
RMSE NN (with covariates) : 11.58932 
timing : 21.39959 
RMSE XGBoost (without covariates) : 16.47993 
Scale for x is already present.
Adding another scale for x, which will replace the existing scale.
